#
# A fatal error has been detected by the Java Runtime Environment:
#
#  EXCEPTION_ACCESS_VIOLATION (0xc0000005) at pc=0x0000000053de8ad5, pid=24140, tid=18308
#
# JRE version: Java(TM) SE Runtime Environment (8.0_73-b02) (build 1.8.0_73-b02)
# Java VM: Java HotSpot(TM) 64-Bit Server VM (25.73-b02 mixed mode windows-amd64 compressed oops)
# Problematic frame:
# V  [jvm.dll+0x128ad5]
#
# Failed to write core dump. Minidumps are not enabled by default on client versions of Windows
#
# If you would like to submit a bug report, please visit:
#   http://bugreport.java.com/bugreport/crash.jsp
#

---------------  T H R E A D  ---------------

Current thread (0x0000000019972000):  JavaThread "JDWP Transport Listener: dt_socket" daemon [_thread_in_vm, id=18308, stack(0x0000000019f40000,0x000000001a040000)]

siginfo: ExceptionCode=0xc0000005, reading address 0xffffffffffffffff

Registers:
RAX=0x000000001a03f501, RBX=0x0000000019972000, RCX=0x0101010101010101, RDX=0x0000000000000000
RSP=0x000000001a03f540, RBP=0x0101010101010101, RSI=0x000000001a03f658, RDI=0x0000000002688590
R8 =0x0000000019972000, R9 =0x0000000000000000, R10=0x0000000000000000, R11=0x0000000000000064
R12=0x0000000000000000, R13=0x000000001997d2c8, R14=0x0000000000000000, R15=0x0000000000000000
RIP=0x0000000053de8ad5, EFLAGS=0x0000000000010202

Top of Stack: (sp=0x000000001a03f540)
0x000000001a03f540:   0000000019972000 0000000019972000
0x000000001a03f550:   000000001a03f608 0000000053fee34b
0x000000001a03f560:   0000000019972000 000000005400abad
0x000000001a03f570:   0000000000000000 0000000053bd9155
0x000000001a03f580:   000000001adc4ce8 0000000053be291e
0x000000001a03f590:   0000000019972000 0000000000000000
0x000000001a03f5a0:   0000000000000000 0000000000000000
0x000000001a03f5b0:   0101010101010101 0000000053be1a15
0x000000001a03f5c0:   000000001a03f658 000000001a03f630
0x000000001a03f5d0:   0000000000000001 000000001adc4ce8
0x000000001a03f5e0:   0101010101010101 0000000053bc53b3
0x000000001a03f5f0:   000000001a03f720 0000000000000001
0x000000001a03f600:   0000000000000001 000000001adc4ce8
0x000000001a03f610:   00000000f000100a 0000000000000000
0x000000001a03f620:   0000000000000000 0000000000000000
0x000000001a03f630:   0000000000000001 0000000053bc5571 

Instructions: (pc=0x0000000053de8ad5)
0x0000000053de8ab5:   cc cc cc cc cc cc cc cc cc cc cc 48 83 ec 28 48
0x0000000053de8ac5:   85 c9 75 07 33 c0 48 83 c4 28 c3 48 89 5c 24 20
0x0000000053de8ad5:   48 8b 19 48 85 db 74 20 48 83 fb 37 74 1a 48 8b
0x0000000053de8ae5:   13 48 8b cb ff 52 10 84 c0 74 0d 48 8b c3 48 8b 


Register to memory mapping:

RAX=0x000000001a03f501 is pointing into the stack for thread: 0x0000000019972000
RBX=0x0000000019972000 is a thread
RCX=0x0101010101010101 is an unknown value
RDX=0x0000000000000000 is an unknown value
RSP=0x000000001a03f540 is pointing into the stack for thread: 0x0000000019972000
RBP=0x0101010101010101 is an unknown value
RSI=0x000000001a03f658 is pointing into the stack for thread: 0x0000000019972000
RDI=0x0000000002688590 is an unknown value
R8 =0x0000000019972000 is a thread
R9 =0x0000000000000000 is an unknown value
R10=0x0000000000000000 is an unknown value
R11=0x0000000000000064 is an unknown value
R12=0x0000000000000000 is an unknown value
R13=0x000000001997d2c8 is an unknown value
R14=0x0000000000000000 is an unknown value
R15=0x0000000000000000 is an unknown value


Stack: [0x0000000019f40000,0x000000001a040000],  sp=0x000000001a03f540,  free space=1021k
Native frames: (J=compiled Java code, j=interpreted, Vv=VM code, C=native code)
V  [jvm.dll+0x128ad5]
V  [jvm.dll+0x34abad]
C  [jdwp.dll+0x21a15]
C  [jdwp.dll+0x53b3]
C  [jdwp.dll+0x5571]
C  [jdwp.dll+0xf0a8]
C  [jdwp.dll+0x1f2d5]
C  [jdwp.dll+0x1f4aa]
V  [jvm.dll+0x1bbb58]
V  [jvm.dll+0x243234]
V  [jvm.dll+0x29a10a]
C  [msvcr100.dll+0x21d9f]
C  [msvcr100.dll+0x21e3b]
C  [KERNEL32.DLL+0x18102]
C  [ntdll.dll+0x5c5b4]


---------------  P R O C E S S  ---------------

Java Threads: ( => current thread )
  0x0000000019998000 JavaThread "Service Thread" daemon [_thread_blocked, id=19928, stack(0x000000001a640000,0x000000001a740000)]
  0x00000000199a6000 JavaThread "C1 CompilerThread3" daemon [_thread_blocked, id=22620, stack(0x000000001a540000,0x000000001a640000)]
  0x00000000199a5000 JavaThread "C2 CompilerThread2" daemon [_thread_blocked, id=9276, stack(0x000000001a440000,0x000000001a540000)]
  0x00000000199a0800 JavaThread "C2 CompilerThread1" daemon [_thread_blocked, id=16440, stack(0x000000001a340000,0x000000001a440000)]
  0x000000001999b800 JavaThread "C2 CompilerThread0" daemon [_thread_blocked, id=24064, stack(0x000000001a240000,0x000000001a340000)]
  0x0000000019981800 JavaThread "JDWP Command Reader" daemon [_thread_in_native, id=21720, stack(0x000000001a140000,0x000000001a240000)]
  0x0000000019980000 JavaThread "JDWP Event Helper Thread" daemon [_thread_blocked, id=12064, stack(0x000000001a040000,0x000000001a140000)]
=>0x0000000019972000 JavaThread "JDWP Transport Listener: dt_socket" daemon [_thread_in_vm, id=18308, stack(0x0000000019f40000,0x000000001a040000)]
  0x0000000019968800 JavaThread "Attach Listener" daemon [_thread_blocked, id=19792, stack(0x0000000019e40000,0x0000000019f40000)]
  0x0000000019967800 JavaThread "Signal Dispatcher" daemon [_thread_blocked, id=14304, stack(0x0000000019d40000,0x0000000019e40000)]
  0x000000000288d000 JavaThread "Finalizer" daemon [_thread_blocked, id=12176, stack(0x0000000019760000,0x0000000019860000)]
  0x000000001788d800 JavaThread "Reference Handler" daemon [_thread_blocked, id=21128, stack(0x0000000019660000,0x0000000019760000)]
  0x0000000002792800 JavaThread "main" [_thread_blocked, id=20500, stack(0x0000000002690000,0x0000000002790000)]

Other Threads:
  0x0000000017888800 VMThread [stack: 0x0000000019560000,0x0000000019660000] [id=18212]
  0x0000000019a58800 WatcherThread [stack: 0x000000001a740000,0x000000001a840000] [id=10480]

VM state:not at safepoint (normal execution)

VM Mutex/Monitor currently owned by a thread: None

Heap:
 PSYoungGen      total 71680K, used 10088K [0x00000000d5980000, 0x00000000da480000, 0x0000000100000000)
  eden space 66560K, 7% used [0x00000000d5980000,0x00000000d5e620a0,0x00000000d9a80000)
  from space 5120K, 99% used [0x00000000d9f80000,0x00000000da478050,0x00000000da480000)
  to   space 5120K, 0% used [0x00000000d9a80000,0x00000000d9a80000,0x00000000d9f80000)
 ParOldGen       total 87552K, used 15836K [0x0000000080c00000, 0x0000000086180000, 0x00000000d5980000)
  object space 87552K, 18% used [0x0000000080c00000,0x0000000081b77358,0x0000000086180000)
 Metaspace       used 3244K, capacity 4792K, committed 5120K, reserved 1056768K
  class space    used 327K, capacity 424K, committed 512K, reserved 1048576K

Card table byte_map: [0x0000000011c50000,0x0000000012050000] byte_map_base: 0x000000001184a000

Marking Bits: (ParMarkBitMap*) 0x00000000544d0600
 Begin Bits: [0x0000000012b00000, 0x0000000014ad0000)
 End Bits:   [0x0000000014ad0000, 0x0000000016aa0000)

Polling page: 0x0000000002600000

CodeCache: size=245760Kb used=1884Kb max_used=1884Kb free=243875Kb
 bounds [0x0000000002890000, 0x0000000002b00000, 0x0000000011890000]
 total_blobs=434 nmethods=207 adapters=148
 compilation: enabled

Compilation events (10 events):
Event: 0.495 Thread 0x00000000199a6000  201       3       java.util.HashMap::<init> (11 bytes)
Event: 0.495 Thread 0x00000000199a6000 nmethod 201 0x0000000002a582d0 code [0x0000000002a58440, 0x0000000002a58650]
Event: 0.495 Thread 0x00000000199a6000  205       3       sprunth.dosfootball.Player::<init> (26 bytes)
Event: 0.495 Thread 0x00000000199a6000 nmethod 205 0x0000000002a57c50 code [0x0000000002a57dc0, 0x0000000002a58130]
Event: 0.495 Thread 0x00000000199a6000  206       3       sprunth.dosfootball.Player::AddTeamLink (13 bytes)
Event: 0.495 Thread 0x00000000199a6000 nmethod 206 0x0000000002a577d0 code [0x0000000002a57940, 0x0000000002a57b88]
Event: 0.495 Thread 0x00000000199a6000  195       3       java.util.zip.ZipCoder::encoder (35 bytes)
Event: 0.496 Thread 0x00000000199a6000 nmethod 195 0x0000000002a67b10 code [0x0000000002a67ca0, 0x0000000002a68308]
Event: 0.496 Thread 0x00000000199a6000  196       3       java.nio.charset.CharsetEncoder::reset (11 bytes)
Event: 0.496 Thread 0x00000000199a6000 nmethod 196 0x0000000002a57350 code [0x0000000002a574a0, 0x0000000002a576d0]

GC Heap History (4 events):
Event: 0.349 GC heap before
{Heap before GC invocations=1 (full 0):
 PSYoungGen      total 38400K, used 33280K [0x00000000d5980000, 0x00000000d8400000, 0x0000000100000000)
  eden space 33280K, 100% used [0x00000000d5980000,0x00000000d7a00000,0x00000000d7a00000)
  from space 5120K, 0% used [0x00000000d7f00000,0x00000000d7f00000,0x00000000d8400000)
  to   space 5120K, 0% used [0x00000000d7a00000,0x00000000d7a00000,0x00000000d7f00000)
 ParOldGen       total 87552K, used 0K [0x0000000080c00000, 0x0000000086180000, 0x00000000d5980000)
  object space 87552K, 0% used [0x0000000080c00000,0x0000000080c00000,0x0000000086180000)
 Metaspace       used 3027K, capacity 4600K, committed 4864K, reserved 1056768K
  class space    used 320K, capacity 424K, committed 512K, reserved 1048576K
Event: 0.366 GC heap after
Heap after GC invocations=1 (full 0):
 PSYoungGen      total 38400K, used 5088K [0x00000000d5980000, 0x00000000da480000, 0x0000000100000000)
  eden space 33280K, 0% used [0x00000000d5980000,0x00000000d5980000,0x00000000d7a00000)
  from space 5120K, 99% used [0x00000000d7a00000,0x00000000d7ef8050,0x00000000d7f00000)
  to   space 5120K, 0% used [0x00000000d9f80000,0x00000000d9f80000,0x00000000da480000)
 ParOldGen       total 87552K, used 5236K [0x0000000080c00000, 0x0000000086180000, 0x00000000d5980000)
  object space 87552K, 5% used [0x0000000080c00000,0x000000008111d358,0x0000000086180000)
 Metaspace       used 3027K, capacity 4600K, committed 4864K, reserved 1056768K
  class space    used 320K, capacity 424K, committed 512K, reserved 1048576K
}
Event: 0.475 GC heap before
{Heap before GC invocations=2 (full 0):
 PSYoungGen      total 38400K, used 38368K [0x00000000d5980000, 0x00000000da480000, 0x0000000100000000)
  eden space 33280K, 100% used [0x00000000d5980000,0x00000000d7a00000,0x00000000d7a00000)
  from space 5120K, 99% used [0x00000000d7a00000,0x00000000d7ef8050,0x00000000d7f00000)
  to   space 5120K, 0% used [0x00000000d9f80000,0x00000000d9f80000,0x00000000da480000)
 ParOldGen       total 87552K, used 5236K [0x0000000080c00000, 0x0000000086180000, 0x00000000d5980000)
  object space 87552K, 5% used [0x0000000080c00000,0x000000008111d358,0x0000000086180000)
 Metaspace       used 3033K, capacity 4600K, committed 4864K, reserved 1056768K
  class space    used 320K, capacity 424K, committed 512K, reserved 1048576K
Event: 0.485 GC heap after
Heap after GC invocations=2 (full 0):
 PSYoungGen      total 71680K, used 5088K [0x00000000d5980000, 0x00000000da480000, 0x0000000100000000)
  eden space 66560K, 0% used [0x00000000d5980000,0x00000000d5980000,0x00000000d9a80000)
  from space 5120K, 99% used [0x00000000d9f80000,0x00000000da478050,0x00000000da480000)
  to   space 5120K, 0% used [0x00000000d9a80000,0x00000000d9a80000,0x00000000d9f80000)
 ParOldGen       total 87552K, used 15836K [0x0000000080c00000, 0x0000000086180000, 0x00000000d5980000)
  object space 87552K, 18% used [0x0000000080c00000,0x0000000081b77358,0x0000000086180000)
 Metaspace       used 3033K, capacity 4600K, committed 4864K, reserved 1056768K
  class space    used 320K, capacity 424K, committed 512K, reserved 1048576K
}

Deoptimization events (4 events):
Event: 0.490 Thread 0x0000000002792800 Uncommon trap: reason=unstable_if action=reinterpret pc=0x0000000002a49fdc method=org.json.simple.parser.Yylex.yylex()Lorg/json/simple/parser/Yytoken; @ 248
Event: 0.490 Thread 0x0000000002792800 Uncommon trap: reason=unstable_if action=reinterpret pc=0x0000000002a62728 method=org.json.simple.parser.JSONParser.nextToken()V @ 15
Event: 0.490 Thread 0x0000000002792800 Uncommon trap: reason=unstable_if action=reinterpret pc=0x0000000002a06f70 method=java.util.LinkedList.unlinkFirst(Ljava/util/LinkedList$Node;)Ljava/lang/Object; @ 26
Event: 0.490 Thread 0x0000000002792800 Uncommon trap: reason=unstable_if action=reinterpret pc=0x0000000002a52588 method=java.util.HashMap.putVal(ILjava/lang/Object;Ljava/lang/Object;ZZ)Ljava/lang/Object; @ 69

Internal exceptions (4 events):
Event: 0.034 Thread 0x0000000002792800 Exception <a 'java/lang/NoSuchMethodError': Method sun.misc.Unsafe.defineClass(Ljava/lang/String;[BII)Ljava/lang/Class; name or signature does not match> (0x00000000d598f058) thrown at [D:\re\puppet\workspace\8-2-build-windows-amd64-cygwin\jdk8u73\6086\hotCTJtEb°?
Event: 0.034 Thread 0x0000000002792800 Exception <a 'java/lang/NoSuchMethodError': Method sun.misc.Unsafe.prefetchRead(Ljava/lang/Object;J)V name or signature does not match> (0x00000000d598f340) thrown at [D:\re\puppet\workspace\8-2-build-windows-amd64-cygwin\jdk8u73\6086\hotspot\src\share\vm\≈∞¥`ubﬂ?
Event: 0.490 Thread 0x0000000002792800 Implicit null exception at 0x0000000002a5ef95 to 0x0000000002a626fd
Event: 0.490 Thread 0x0000000002792800 Implicit null exception at 0x0000000002a06f15 to 0x0000000002a06f59

Events (10 events):
Event: 1742.499 Executing VM operation: ChangeBreakpoints
Event: 1742.499 Executing VM operation: ChangeBreakpoints done
Event: 1748.039 Executing VM operation: ChangeBreakpoints
Event: 1748.039 Executing VM operation: ChangeBreakpoints done
Event: 1749.100 Executing VM operation: ChangeBreakpoints
Event: 1749.100 Executing VM operation: ChangeBreakpoints done
Event: 3757.712 Executing VM operation: ChangeBreakpoints
Event: 3757.712 Executing VM operation: ChangeBreakpoints done
Event: 3790.398 Executing VM operation: RedefineClasses
Event: 3790.400 Executing VM operation: RedefineClasses done


Dynamic libraries:
0x00007ff60b900000 - 0x00007ff60b937000 	C:\Program Files\Java\jdk1.8.0_73\bin\java.exe
0x00007ffb97d70000 - 0x00007ffb97f31000 	C:\WINDOWS\SYSTEM32\ntdll.dll
0x00007ffb97cc0000 - 0x00007ffb97d6d000 	C:\WINDOWS\system32\KERNEL32.DLL
0x00007ffb94e10000 - 0x00007ffb94ff8000 	C:\WINDOWS\system32\KERNELBASE.dll
0x00007ffb95700000 - 0x00007ffb957a7000 	C:\WINDOWS\system32\ADVAPI32.dll
0x00007ffb97c10000 - 0x00007ffb97cad000 	C:\WINDOWS\system32\msvcrt.dll
0x00007ffb957b0000 - 0x00007ffb9580b000 	C:\WINDOWS\system32\sechost.dll
0x00007ffb95170000 - 0x00007ffb9528c000 	C:\WINDOWS\system32\RPCRT4.dll
0x00007ffb955a0000 - 0x00007ffb956f6000 	C:\WINDOWS\system32\USER32.dll
0x00007ffb96160000 - 0x00007ffb962e6000 	C:\WINDOWS\system32\GDI32.dll
0x00007ffb90210000 - 0x00007ffb90484000 	C:\WINDOWS\WinSxS\amd64_microsoft.windows.common-controls_6595b64144ccf1df_6.0.10586.494_none_a2d8b04ea53e3145\COMCTL32.dll
0x00007ffb95870000 - 0x00007ffb95aed000 	C:\WINDOWS\system32\combase.dll
0x00007ffb94440000 - 0x00007ffb944aa000 	C:\WINDOWS\system32\bcryptPrimitives.dll
0x00007ffb962f0000 - 0x00007ffb9632b000 	C:\WINDOWS\system32\IMM32.DLL
0x0000000054550000 - 0x0000000054622000 	C:\Program Files\Java\jdk1.8.0_73\jre\bin\msvcr100.dll
0x0000000053cc0000 - 0x0000000054550000 	C:\Program Files\Java\jdk1.8.0_73\jre\bin\server\jvm.dll
0x00007ffb95b60000 - 0x00007ffb95b68000 	C:\WINDOWS\system32\PSAPI.DLL
0x00007ffb81d90000 - 0x00007ffb81d99000 	C:\WINDOWS\SYSTEM32\WSOCK32.dll
0x00007ffb90f80000 - 0x00007ffb90f8a000 	C:\WINDOWS\SYSTEM32\VERSION.dll
0x00007ffb92750000 - 0x00007ffb92773000 	C:\WINDOWS\SYSTEM32\WINMM.dll
0x00007ffb95ca0000 - 0x00007ffb95d0b000 	C:\WINDOWS\system32\WS2_32.dll
0x00000000025d0000 - 0x00000000025fc000 	C:\WINDOWS\SYSTEM32\WINMMBASE.dll
0x00007ffb945a0000 - 0x00007ffb945e3000 	C:\WINDOWS\system32\cfgmgr32.dll
0x0000000053cb0000 - 0x0000000053cbf000 	C:\Program Files\Java\jdk1.8.0_73\jre\bin\verify.dll
0x0000000053c80000 - 0x0000000053ca9000 	C:\Program Files\Java\jdk1.8.0_73\jre\bin\java.dll
0x0000000053bc0000 - 0x0000000053bf5000 	C:\Program Files\Java\jdk1.8.0_73\jre\bin\jdwp.dll
0x0000000053bb0000 - 0x0000000053bb8000 	C:\Program Files\Java\jdk1.8.0_73\jre\bin\npt.dll
0x0000000053c60000 - 0x0000000053c76000 	C:\Program Files\Java\jdk1.8.0_73\jre\bin\zip.dll
0x00007ffb96450000 - 0x00007ffb979ac000 	C:\WINDOWS\system32\SHELL32.dll
0x00007ffb945f0000 - 0x00007ffb94c35000 	C:\WINDOWS\system32\windows.storage.dll
0x00007ffb95b00000 - 0x00007ffb95b52000 	C:\WINDOWS\system32\shlwapi.dll
0x00007ffb94410000 - 0x00007ffb9441f000 	C:\WINDOWS\system32\kernel.appcore.dll
0x00007ffb950b0000 - 0x00007ffb95165000 	C:\WINDOWS\system32\shcore.dll
0x00007ffb943b0000 - 0x00007ffb943fb000 	C:\WINDOWS\system32\powrprof.dll
0x00007ffb94390000 - 0x00007ffb943a4000 	C:\WINDOWS\system32\profapi.dll
0x0000000053ba0000 - 0x0000000053ba9000 	C:\Program Files\Java\jdk1.8.0_73\jre\bin\dt_socket.dll
0x00007ffb93c60000 - 0x00007ffb93cbc000 	C:\WINDOWS\system32\mswsock.dll
0x00007ffb668e0000 - 0x00007ffb66a6c000 	C:\WINDOWS\SYSTEM32\dbghelp.dll

VM Arguments:
jvm_args: -agentlib:jdwp=transport=dt_socket,address=127.0.0.1:58889,suspend=y,server=n -Dfile.encoding=UTF-8 
java_command: sprunth.dosfootball.Runner
java_class_path (initial): C:\Program Files\Java\jdk1.8.0_73\jre\lib\charsets.jar;C:\Program Files\Java\jdk1.8.0_73\jre\lib\deploy.jar;C:\Program Files\Java\jdk1.8.0_73\jre\lib\ext\access-bridge-64.jar;C:\Program Files\Java\jdk1.8.0_73\jre\lib\ext\cldrdata.jar;C:\Program Files\Java\jdk1.8.0_73\jre\lib\ext\dnsns.jar;C:\Program Files\Java\jdk1.8.0_73\jre\lib\ext\jaccess.jar;C:\Program Files\Java\jdk1.8.0_73\jre\lib\ext\jfxrt.jar;C:\Program Files\Java\jdk1.8.0_73\jre\lib\ext\localedata.jar;C:\Program Files\Java\jdk1.8.0_73\jre\lib\ext\nashorn.jar;C:\Program Files\Java\jdk1.8.0_73\jre\lib\ext\sunec.jar;C:\Program Files\Java\jdk1.8.0_73\jre\lib\ext\sunjce_provider.jar;C:\Program Files\Java\jdk1.8.0_73\jre\lib\ext\sunmscapi.jar;C:\Program Files\Java\jdk1.8.0_73\jre\lib\ext\sunpkcs11.jar;C:\Program Files\Java\jdk1.8.0_73\jre\lib\ext\zipfs.jar;C:\Program Files\Java\jdk1.8.0_73\jre\lib\javaws.jar;C:\Program Files\Java\jdk1.8.0_73\jre\lib\jce.jar;C:\Program Files\Java\jdk1.8.0_73\jre\lib\jfr.jar;C:\Program Files\Java\jdk1.8.0_73\jre\lib\jfxswt.jar;C:\Program Files\Java\jdk1.8.0_73\jre\lib\jsse.jar;C:\Program Files\Java\jdk1.8.0_73\jre\lib\management-agent.jar;C:\Program Files\Java\jdk1.8.0_73\jre\lib\plugin.jar;C:\Program Files\Java\jdk1.8.0_73\jre\lib\resources.jar;C:\Program Files\Java\jdk1.8.0_73\jre\lib\rt.jar;C:\Users\Amos\Desktop\personal code bank\FootballDegreesofSeparation\server\target\classes;C:\Users\Amos\.m2\repository\com\sparkjava\spark-core\2.3\spark-core-2.3.jar;C:\Users\Amos\.m2\repository\org\slf4j\slf4j-api\1.7.12\slf4j-api-1.7.12.jar;C:\Users\Amos\.m2\repository\org\slf4j\slf4j-simple\1.7.12\slf4j-simple-1.7.12.jar;C:\Users\Amos\.m2\repository\org\eclipse\jetty\jetty-server\9.3.2.v20150730\jetty-server-9.3.2.v20150730.jar;C:\Users\Amos\.m2\repository\javax\servlet\javax.servlet-api\3.1.0\javax.servlet-api-3.1.0.jar;C:\Users\Amos\.m2\repository\org\eclipse\jetty\jetty-http\9.3.2.v20150730\jetty-http-9.3.2.v20150730.jar;C:\Users\Amos\.m2\repository\org\ec
Launcher Type: SUN_STANDARD

Environment Variables:
PATH=C:\ProgramData\Oracle\Java\javapath;C:\Program Files (x86)\NVIDIA Corporation\PhysX\Common;C:\WINDOWS\system32;C:\WINDOWS;C:\WINDOWS\System32\Wbem;C:\WINDOWS\System32\WindowsPowerShell\v1.0\;C:\WINDOWS\system32\config\systemprofile\.dnx\bin;C:\Program Files\Microsoft DNX\Dnvm\;C:\Anaconda3;C:\Anaconda3\Scripts;C:\Anaconda3\Library\bin;C:\Program Files (x86)\Skype\Phone\;C:\Program Files (x86)\Windows Kits\8.1\Windows Performance Toolkit\;C:\Program Files (x86)\GtkSharp\2.12\bin;C:\Program Files\Microsoft SQL Server\130\Tools\Binn\;C:\Users\Amos\AppData\Local\Programs\Python\Python35-32\Scripts\;C:\Users\Amos\AppData\Local\Programs\Python\Python35-32\
USERNAME=Amos
OS=Windows_NT
PROCESSOR_IDENTIFIER=Intel64 Family 6 Model 58 Stepping 9, GenuineIntel



---------------  S Y S T E M  ---------------

OS: Windows 10.0 , 64 bit Build 10586 (10.0.10586.0)

CPU:total 8 (4 cores per cpu, 2 threads per core) family 6 model 58 stepping 9, cmov, cx8, fxsr, mmx, sse, sse2, sse3, ssse3, sse4.1, sse4.2, popcnt, avx, aes, clmul, erms, ht, tsc, tscinvbit, tscinv

Memory: 4k page, physical 8334620k(2194412k free), swap 18338900k(4529500k free)

vm_info: Java HotSpot(TM) 64-Bit Server VM (25.73-b02) for windows-amd64 JRE (1.8.0_73-b02), built on Jan 29 2016 17:38:49 by "java_re" with MS VC++ 10.0 (VS2010)

time: Wed Jul 27 17:36:27 2016
elapsed time: 3790 seconds (0d 1h 3m 10s)

