#
# A fatal error has been detected by the Java Runtime Environment:
#
#  EXCEPTION_ACCESS_VIOLATION (0xc0000005) at pc=0x0000000053de8ad5, pid=7924, tid=18596
#
# JRE version: Java(TM) SE Runtime Environment (8.0_73-b02) (build 1.8.0_73-b02)
# Java VM: Java HotSpot(TM) 64-Bit Server VM (25.73-b02 mixed mode windows-amd64 compressed oops)
# Problematic frame:
# V  [jvm.dll+0x128ad5]
#
# Failed to write core dump. Minidumps are not enabled by default on client versions of Windows
#
# If you would like to submit a bug report, please visit:
#   http://bugreport.java.com/bugreport/crash.jsp
#

---------------  T H R E A D  ---------------

Current thread (0x000000001963c800):  JavaThread "JDWP Transport Listener: dt_socket" daemon [_thread_in_vm, id=18596, stack(0x0000000019c00000,0x0000000019d00000)]

siginfo: ExceptionCode=0xc0000005, reading address 0xffffffffffffffff

Registers:
RAX=0x0000000019cff701, RBX=0x000000001963c800, RCX=0x6572542470614d68, RDX=0x0000000000000000
RSP=0x0000000019cff6b0, RBP=0x6572542470614d68, RSI=0x0000000019cff7c8, RDI=0x0000000002368590
R8 =0x000000001963c800, R9 =0x0000000000000000, R10=0x0000000000000000, R11=0x0000000000000064
R12=0x0000000000000000, R13=0x00000000196311f8, R14=0x0000000000000000, R15=0x0000000000000000
RIP=0x0000000053de8ad5, EFLAGS=0x0000000000010202

Top of Stack: (sp=0x0000000019cff6b0)
0x0000000019cff6b0:   000000001963c800 000000001963c800
0x0000000019cff6c0:   0000000019cff778 0000000053fee34b
0x0000000019cff6d0:   000000001963c800 000000005400abad
0x0000000019cff6e0:   0000000000000000 0000000053bd9155
0x0000000019cff6f0:   00000000197ea610 0000000053be291e
0x0000000019cff700:   000000001963c800 0000000000000000
0x0000000019cff710:   0000000000000000 0000000000000000
0x0000000019cff720:   6572542470614d68 0000000053be1a15
0x0000000019cff730:   0000000019cff7c8 0000000019cff7a0
0x0000000019cff740:   0000000000000001 00000000197ea610
0x0000000019cff750:   6572542470614d68 0000000053bc53b3
0x0000000019cff760:   0000000019cff890 0000000000000001
0x0000000019cff770:   0000000000000001 00000000197ea610
0x0000000019cff780:   00000000f000100a 0000000000000000
0x0000000019cff790:   0000000000000000 0000000000000000
0x0000000019cff7a0:   0000000000000001 0000000053bc5571 

Instructions: (pc=0x0000000053de8ad5)
0x0000000053de8ab5:   cc cc cc cc cc cc cc cc cc cc cc 48 83 ec 28 48
0x0000000053de8ac5:   85 c9 75 07 33 c0 48 83 c4 28 c3 48 89 5c 24 20
0x0000000053de8ad5:   48 8b 19 48 85 db 74 20 48 83 fb 37 74 1a 48 8b
0x0000000053de8ae5:   13 48 8b cb ff 52 10 84 c0 74 0d 48 8b c3 48 8b 


Register to memory mapping:

RAX=0x0000000019cff701 is pointing into the stack for thread: 0x000000001963c800
RBX=0x000000001963c800 is a thread
RCX=0x6572542470614d68 is an unknown value
RDX=0x0000000000000000 is an unknown value
RSP=0x0000000019cff6b0 is pointing into the stack for thread: 0x000000001963c800
RBP=0x6572542470614d68 is an unknown value
RSI=0x0000000019cff7c8 is pointing into the stack for thread: 0x000000001963c800
RDI=0x0000000002368590 is an unknown value
R8 =0x000000001963c800 is a thread
R9 =0x0000000000000000 is an unknown value
R10=0x0000000000000000 is an unknown value
R11=0x0000000000000064 is an unknown value
R12=0x0000000000000000 is an unknown value
R13=0x00000000196311f8 is an unknown value
R14=0x0000000000000000 is an unknown value
R15=0x0000000000000000 is an unknown value


Stack: [0x0000000019c00000,0x0000000019d00000],  sp=0x0000000019cff6b0,  free space=1021k
Native frames: (J=compiled Java code, j=interpreted, Vv=VM code, C=native code)
V  [jvm.dll+0x128ad5]
V  [jvm.dll+0x34abad]
C  [jdwp.dll+0x21a15]
C  [jdwp.dll+0x53b3]
C  [jdwp.dll+0x5571]
C  [jdwp.dll+0xf0a8]
C  [jdwp.dll+0x1f2d5]
C  [jdwp.dll+0x1f4aa]
V  [jvm.dll+0x1bbb58]
V  [jvm.dll+0x243234]
V  [jvm.dll+0x29a10a]
C  [msvcr100.dll+0x21d9f]
C  [msvcr100.dll+0x21e3b]
C  [KERNEL32.DLL+0x18102]
C  [ntdll.dll+0x5c5b4]


---------------  P R O C E S S  ---------------

Java Threads: ( => current thread )
  0x00000000196e9000 JavaThread "Service Thread" daemon [_thread_blocked, id=20844, stack(0x000000001a300000,0x000000001a400000)]
  0x0000000019663000 JavaThread "C1 CompilerThread3" daemon [_thread_blocked, id=16416, stack(0x000000001a200000,0x000000001a300000)]
  0x0000000019662000 JavaThread "C2 CompilerThread2" daemon [_thread_blocked, id=24492, stack(0x000000001a100000,0x000000001a200000)]
  0x0000000019653000 JavaThread "C2 CompilerThread1" daemon [_thread_blocked, id=13672, stack(0x000000001a000000,0x000000001a100000)]
  0x000000001965d000 JavaThread "C2 CompilerThread0" daemon [_thread_blocked, id=19144, stack(0x0000000019f00000,0x000000001a000000)]
  0x0000000019643000 JavaThread "JDWP Command Reader" daemon [_thread_in_native, id=18244, stack(0x0000000019e00000,0x0000000019f00000)]
  0x0000000019640000 JavaThread "JDWP Event Helper Thread" daemon [_thread_blocked, id=5760, stack(0x0000000019d00000,0x0000000019e00000)]
=>0x000000001963c800 JavaThread "JDWP Transport Listener: dt_socket" daemon [_thread_in_vm, id=18596, stack(0x0000000019c00000,0x0000000019d00000)]
  0x0000000019627800 JavaThread "Attach Listener" daemon [_thread_blocked, id=17892, stack(0x0000000019b00000,0x0000000019c00000)]
  0x0000000019626000 JavaThread "Signal Dispatcher" daemon [_thread_blocked, id=18380, stack(0x0000000019a00000,0x0000000019b00000)]
  0x000000000254b800 JavaThread "Finalizer" daemon [_thread_blocked, id=19516, stack(0x0000000019420000,0x0000000019520000)]
  0x0000000002544000 JavaThread "Reference Handler" daemon [_thread_blocked, id=10892, stack(0x0000000019320000,0x0000000019420000)]
  0x0000000002452800 JavaThread "main" [_thread_blocked, id=22880, stack(0x0000000002260000,0x0000000002360000)]

Other Threads:
  0x0000000017549800 VMThread [stack: 0x0000000019220000,0x0000000019320000] [id=18068]
  0x0000000019712000 WatcherThread [stack: 0x000000001a400000,0x000000001a500000] [id=21144]

VM state:not at safepoint (normal execution)

VM Mutex/Monitor currently owned by a thread: None

Heap:
 PSYoungGen      total 436736K, used 58523K [0x00000000d5980000, 0x00000000fed00000, 0x0000000100000000)
  eden space 205312K, 24% used [0x00000000d5980000,0x00000000d89beeb0,0x00000000e2200000)
  from space 231424K, 3% used [0x00000000f0400000,0x00000000f0ce8110,0x00000000fe600000)
  to   space 231424K, 0% used [0x00000000e2200000,0x00000000e2200000,0x00000000f0400000)
 ParOldGen       total 769024K, used 455649K [0x0000000080c00000, 0x00000000afb00000, 0x00000000d5980000)
  object space 769024K, 59% used [0x0000000080c00000,0x000000009c8f8428,0x00000000afb00000)
 Metaspace       used 3101K, capacity 4664K, committed 4864K, reserved 1056768K
  class space    used 323K, capacity 424K, committed 512K, reserved 1048576K

Card table byte_map: [0x0000000011910000,0x0000000011d10000] byte_map_base: 0x000000001150a000

Marking Bits: (ParMarkBitMap*) 0x00000000544d0600
 Begin Bits: [0x00000000127c0000, 0x0000000014790000)
 End Bits:   [0x0000000014790000, 0x0000000016760000)

Polling page: 0x0000000000af0000

CodeCache: size=245760Kb used=2089Kb max_used=2102Kb free=243670Kb
 bounds [0x0000000002550000, 0x00000000027c0000, 0x0000000011550000]
 total_blobs=482 nmethods=255 adapters=148
 compilation: enabled

Compilation events (10 events):
Event: 97.109 Thread 0x0000000019653000  252       4       java.util.HashMap$HashIterator::hasNext (13 bytes)
Event: 97.109 Thread 0x0000000019653000 nmethod 252 0x00000000026b51d0 code [0x00000000026b5300, 0x00000000026b5378]
Event: 97.111 Thread 0x000000001965d000 nmethod 251 0x00000000027533d0 code [0x0000000002753520, 0x0000000002753738]
Event: 97.111 Thread 0x0000000019662000 nmethod 250 0x0000000002752e90 code [0x0000000002752fe0, 0x0000000002753218]
Event: 97.117 Thread 0x0000000019663000  253 %     3       java.util.AbstractCollection::toArray @ 15 (70 bytes)
Event: 97.117 Thread 0x0000000019663000 nmethod 253% 0x000000000274e950 code [0x000000000274eb40, 0x000000000274f568]
Event: 97.117 Thread 0x0000000019663000  254       3       java.util.AbstractCollection::toArray (70 bytes)
Event: 97.118 Thread 0x0000000019663000 nmethod 254 0x0000000002757190 code [0x0000000002757380, 0x0000000002757d28]
Event: 209.677 Thread 0x0000000019653000  255 %     4       java.util.AbstractCollection::toArray @ 15 (70 bytes)
Event: 209.684 Thread 0x0000000019653000 nmethod 255% 0x000000000275f550 code [0x000000000275f6c0, 0x000000000275fce8]

GC Heap History (10 events):
Event: 2.518 GC heap before
{Heap before GC invocations=10 (full 3):
 PSYoungGen      total 257024K, used 109024K [0x00000000d5980000, 0x00000000f6000000, 0x0000000100000000)
  eden space 147968K, 0% used [0x00000000d5980000,0x00000000d5980000,0x00000000dea00000)
  from space 109056K, 99% used [0x00000000dea00000,0x00000000e5478010,0x00000000e5480000)
  to   space 169984K, 0% used [0x00000000eba00000,0x00000000eba00000,0x00000000f6000000)
 ParOldGen       total 279040K, used 214286K [0x0000000080c00000, 0x0000000091c80000, 0x00000000d5980000)
  object space 279040K, 76% used [0x0000000080c00000,0x000000008dd438f0,0x0000000091c80000)
 Metaspace       used 3061K, capacity 4600K, committed 4864K, reserved 1056768K
  class space    used 322K, capacity 424K, committed 512K, reserved 1048576K
Event: 4.302 GC heap after
Heap after GC invocations=10 (full 3):
 PSYoungGen      total 257024K, used 0K [0x00000000d5980000, 0x00000000f6000000, 0x0000000100000000)
  eden space 147968K, 0% used [0x00000000d5980000,0x00000000d5980000,0x00000000dea00000)
  from space 109056K, 0% used [0x00000000dea00000,0x00000000dea00000,0x00000000e5480000)
  to   space 169984K, 0% used [0x00000000eba00000,0x00000000eba00000,0x00000000f6000000)
 ParOldGen       total 455680K, used 228613K [0x0000000080c00000, 0x000000009c900000, 0x00000000d5980000)
  object space 455680K, 50% used [0x0000000080c00000,0x000000008eb41670,0x000000009c900000)
 Metaspace       used 3061K, capacity 4600K, committed 4864K, reserved 1056768K
  class space    used 322K, capacity 424K, committed 512K, reserved 1048576K
}
Event: 4.515 GC heap before
{Heap before GC invocations=11 (full 3):
 PSYoungGen      total 257024K, used 147968K [0x00000000d5980000, 0x00000000f6000000, 0x0000000100000000)
  eden space 147968K, 100% used [0x00000000d5980000,0x00000000dea00000,0x00000000dea00000)
  from space 109056K, 0% used [0x00000000dea00000,0x00000000dea00000,0x00000000e5480000)
  to   space 169984K, 0% used [0x00000000eba00000,0x00000000eba00000,0x00000000f6000000)
 ParOldGen       total 455680K, used 228613K [0x0000000080c00000, 0x000000009c900000, 0x00000000d5980000)
  object space 455680K, 50% used [0x0000000080c00000,0x000000008eb41670,0x000000009c900000)
 Metaspace       used 3061K, capacity 4600K, committed 4864K, reserved 1056768K
  class space    used 322K, capacity 424K, committed 512K, reserved 1048576K
Event: 4.608 GC heap after
Heap after GC invocations=11 (full 3):
 PSYoungGen      total 345088K, used 128900K [0x00000000d5980000, 0x00000000f7200000, 0x0000000100000000)
  eden space 175104K, 0% used [0x00000000d5980000,0x00000000d5980000,0x00000000e0480000)
  from space 169984K, 75% used [0x00000000eba00000,0x00000000f37e12f0,0x00000000f6000000)
  to   space 185856K, 0% used [0x00000000e0480000,0x00000000e0480000,0x00000000eba00000)
 ParOldGen       total 455680K, used 228613K [0x0000000080c00000, 0x000000009c900000, 0x00000000d5980000)
  object space 455680K, 50% used [0x0000000080c00000,0x000000008eb41670,0x000000009c900000)
 Metaspace       used 3061K, capacity 4600K, committed 4864K, reserved 1056768K
  class space    used 322K, capacity 424K, committed 512K, reserved 1048576K
}
Event: 4.837 GC heap before
{Heap before GC invocations=12 (full 3):
 PSYoungGen      total 345088K, used 304004K [0x00000000d5980000, 0x00000000f7200000, 0x0000000100000000)
  eden space 175104K, 100% used [0x00000000d5980000,0x00000000e0480000,0x00000000e0480000)
  from space 169984K, 75% used [0x00000000eba00000,0x00000000f37e12f0,0x00000000f6000000)
  to   space 185856K, 0% used [0x00000000e0480000,0x00000000e0480000,0x00000000eba00000)
 ParOldGen       total 455680K, used 228613K [0x0000000080c00000, 0x000000009c900000, 0x00000000d5980000)
  object space 455680K, 50% used [0x0000000080c00000,0x000000008eb41670,0x000000009c900000)
 Metaspace       used 3061K, capacity 4600K, committed 4864K, reserved 1056768K
  class space    used 322K, capacity 424K, committed 512K, reserved 1048576K
Event: 5.009 GC heap after
Heap after GC invocations=12 (full 3):
 PSYoungGen      total 360960K, used 185856K [0x00000000d5980000, 0x00000000fe600000, 0x0000000100000000)
  eden space 175104K, 0% used [0x00000000d5980000,0x00000000d5980000,0x00000000e0480000)
  from space 185856K, 100% used [0x00000000e0480000,0x00000000eba00000,0x00000000eba00000)
  to   space 231424K, 0% used [0x00000000f0400000,0x00000000f0400000,0x00000000fe600000)
 ParOldGen       total 455680K, used 302724K [0x0000000080c00000, 0x000000009c900000, 0x00000000d5980000)
  object space 455680K, 66% used [0x0000000080c00000,0x00000000933a12d0,0x000000009c900000)
 Metaspace       used 3061K, capacity 4600K, committed 4864K, reserved 1056768K
  class space    used 322K, capacity 424K, committed 512K, reserved 1048576K
}
Event: 5.288 GC heap before
{Heap before GC invocations=13 (full 3):
 PSYoungGen      total 360960K, used 360960K [0x00000000d5980000, 0x00000000fe600000, 0x0000000100000000)
  eden space 175104K, 100% used [0x00000000d5980000,0x00000000e0480000,0x00000000e0480000)
  from space 185856K, 100% used [0x00000000e0480000,0x00000000eba00000,0x00000000eba00000)
  to   space 231424K, 0% used [0x00000000f0400000,0x00000000f0400000,0x00000000fe600000)
 ParOldGen       total 455680K, used 302724K [0x0000000080c00000, 0x000000009c900000, 0x00000000d5980000)
  object space 455680K, 66% used [0x0000000080c00000,0x00000000933a12d0,0x000000009c900000)
 Metaspace       used 3061K, capacity 4600K, committed 4864K, reserved 1056768K
  class space    used 322K, capacity 424K, committed 512K, reserved 1048576K
Event: 5.555 GC heap after
Heap after GC invocations=13 (full 3):
 PSYoungGen      total 436736K, used 231424K [0x00000000d5980000, 0x00000000fed00000, 0x0000000100000000)
  eden space 205312K, 0% used [0x00000000d5980000,0x00000000d5980000,0x00000000e2200000)
  from space 231424K, 100% used [0x00000000f0400000,0x00000000fe600000,0x00000000fe600000)
  to   space 231424K, 0% used [0x00000000e2200000,0x00000000e2200000,0x00000000f0400000)
 ParOldGen       total 455680K, used 407332K [0x0000000080c00000, 0x000000009c900000, 0x00000000d5980000)
  object space 455680K, 89% used [0x0000000080c00000,0x00000000999c92d0,0x000000009c900000)
 Metaspace       used 3061K, capacity 4600K, committed 4864K, reserved 1056768K
  class space    used 322K, capacity 424K, committed 512K, reserved 1048576K
}
Event: 5.555 GC heap before
{Heap before GC invocations=14 (full 4):
 PSYoungGen      total 436736K, used 231424K [0x00000000d5980000, 0x00000000fed00000, 0x0000000100000000)
  eden space 205312K, 0% used [0x00000000d5980000,0x00000000d5980000,0x00000000e2200000)
  from space 231424K, 100% used [0x00000000f0400000,0x00000000fe600000,0x00000000fe600000)
  to   space 231424K, 0% used [0x00000000e2200000,0x00000000e2200000,0x00000000f0400000)
 ParOldGen       total 455680K, used 407332K [0x0000000080c00000, 0x000000009c900000, 0x00000000d5980000)
  object space 455680K, 89% used [0x0000000080c00000,0x00000000999c92d0,0x000000009c900000)
 Metaspace       used 3061K, capacity 4600K, committed 4864K, reserved 1056768K
  class space    used 322K, capacity 424K, committed 512K, reserved 1048576K
Event: 7.536 GC heap after
Heap after GC invocations=14 (full 4):
 PSYoungGen      total 436736K, used 9120K [0x00000000d5980000, 0x00000000fed00000, 0x0000000100000000)
  eden space 205312K, 0% used [0x00000000d5980000,0x00000000d5980000,0x00000000e2200000)
  from space 231424K, 3% used [0x00000000f0400000,0x00000000f0ce8110,0x00000000fe600000)
  to   space 231424K, 0% used [0x00000000e2200000,0x00000000e2200000,0x00000000f0400000)
 ParOldGen       total 769024K, used 455649K [0x0000000080c00000, 0x00000000afb00000, 0x00000000d5980000)
  object space 769024K, 59% used [0x0000000080c00000,0x000000009c8f8428,0x00000000afb00000)
 Metaspace       used 3061K, capacity 4600K, committed 4864K, reserved 1056768K
  class space    used 322K, capacity 424K, committed 512K, reserved 1048576K
}

Deoptimization events (10 events):
Event: 0.752 Thread 0x0000000002452800 Uncommon trap: reason=unstable_if action=reinterpret pc=0x000000000270915c method=org.json.simple.parser.Yylex.yylex()Lorg/json/simple/parser/Yytoken; @ 248
Event: 0.752 Thread 0x0000000002452800 Uncommon trap: reason=unstable_if action=reinterpret pc=0x0000000002720e8c method=org.json.simple.parser.JSONParser.nextToken()V @ 15
Event: 0.752 Thread 0x0000000002452800 Uncommon trap: reason=unstable_if action=reinterpret pc=0x00000000026c78f0 method=java.util.LinkedList.unlinkFirst(Ljava/util/LinkedList$Node;)Ljava/lang/Object; @ 26
Event: 0.752 Thread 0x0000000002452800 Uncommon trap: reason=unstable_if action=reinterpret pc=0x0000000002711748 method=java.util.HashMap.putVal(ILjava/lang/Object;Ljava/lang/Object;ZZ)Ljava/lang/Object; @ 69
Event: 0.780 Thread 0x0000000002452800 Uncommon trap: reason=unstable_if action=reinterpret pc=0x000000000272eb98 method=java.util.HashMap.putVal(ILjava/lang/Object;Ljava/lang/Object;ZZ)Ljava/lang/Object; @ 81
Event: 0.780 Thread 0x0000000002452800 Uncommon trap: reason=unstable_if action=reinterpret pc=0x0000000002732d74 method=java.util.HashMap.putVal(ILjava/lang/Object;Ljava/lang/Object;ZZ)Ljava/lang/Object; @ 81
Event: 0.800 Thread 0x0000000002452800 Uncommon trap: reason=unstable_if action=reinterpret pc=0x00000000027340b0 method=java.util.HashMap.putVal(ILjava/lang/Object;Ljava/lang/Object;ZZ)Ljava/lang/Object; @ 193
Event: 0.801 Thread 0x0000000002452800 Uncommon trap: reason=unstable_if action=reinterpret pc=0x000000000273c444 method=java.util.HashMap.putVal(ILjava/lang/Object;Ljava/lang/Object;ZZ)Ljava/lang/Object; @ 193
Event: 7.560 Thread 0x0000000002452800 Uncommon trap: reason=unstable_if action=reinterpret pc=0x000000000274e148 method=java.util.HashMap$HashIterator.nextNode()Ljava/util/HashMap$Node; @ 74
Event: 7.560 Thread 0x0000000002452800 Uncommon trap: reason=unstable_if action=reinterpret pc=0x00000000026c7658 method=java.util.HashMap$HashIterator.hasNext()Z @ 4

Internal exceptions (4 events):
Event: 0.181 Thread 0x0000000002452800 Exception <a 'java/lang/NoSuchMethodError': Method sun.misc.Unsafe.defineClass(Ljava/lang/String;[BII)Ljava/lang/Class; name or signature does not match> (0x00000000d598f058) thrown at [D:\re\puppet\workspace\8-2-build-windows-amd64-cygwin\jdk8u73\6086\hotþ¡@¸‰)Ç?
Event: 0.181 Thread 0x0000000002452800 Exception <a 'java/lang/NoSuchMethodError': Method sun.misc.Unsafe.prefetchRead(Ljava/lang/Object;J)V name or signature does not match> (0x00000000d598f340) thrown at [D:\re\puppet\workspace\8-2-build-windows-amd64-cygwin\jdk8u73\6086\hotspot\src\share\vm\›³—o¥è?
Event: 0.752 Thread 0x0000000002452800 Implicit null exception at 0x000000000271d6e1 to 0x0000000002720e61
Event: 0.752 Thread 0x0000000002452800 Implicit null exception at 0x00000000026c7895 to 0x00000000026c78d9

Events (10 events):
Event: 262.531 Executing VM operation: ChangeBreakpoints
Event: 262.531 Executing VM operation: ChangeBreakpoints done
Event: 268.071 Executing VM operation: ChangeBreakpoints
Event: 268.072 Executing VM operation: ChangeBreakpoints done
Event: 269.132 Executing VM operation: ChangeBreakpoints
Event: 269.132 Executing VM operation: ChangeBreakpoints done
Event: 2277.744 Executing VM operation: ChangeBreakpoints
Event: 2277.744 Executing VM operation: ChangeBreakpoints done
Event: 2310.103 Executing VM operation: RedefineClasses
Event: 2310.105 Executing VM operation: RedefineClasses done


Dynamic libraries:
0x00007ff60b900000 - 0x00007ff60b937000 	C:\Program Files\Java\jdk1.8.0_73\bin\java.exe
0x00007ffb97d70000 - 0x00007ffb97f31000 	C:\WINDOWS\SYSTEM32\ntdll.dll
0x00007ffb97cc0000 - 0x00007ffb97d6d000 	C:\WINDOWS\system32\KERNEL32.DLL
0x00007ffb94e10000 - 0x00007ffb94ff8000 	C:\WINDOWS\system32\KERNELBASE.dll
0x00007ffb95700000 - 0x00007ffb957a7000 	C:\WINDOWS\system32\ADVAPI32.dll
0x00007ffb97c10000 - 0x00007ffb97cad000 	C:\WINDOWS\system32\msvcrt.dll
0x00007ffb957b0000 - 0x00007ffb9580b000 	C:\WINDOWS\system32\sechost.dll
0x00007ffb95170000 - 0x00007ffb9528c000 	C:\WINDOWS\system32\RPCRT4.dll
0x00007ffb955a0000 - 0x00007ffb956f6000 	C:\WINDOWS\system32\USER32.dll
0x00007ffb96160000 - 0x00007ffb962e6000 	C:\WINDOWS\system32\GDI32.dll
0x00007ffb90210000 - 0x00007ffb90484000 	C:\WINDOWS\WinSxS\amd64_microsoft.windows.common-controls_6595b64144ccf1df_6.0.10586.494_none_a2d8b04ea53e3145\COMCTL32.dll
0x00007ffb95870000 - 0x00007ffb95aed000 	C:\WINDOWS\system32\combase.dll
0x00007ffb94440000 - 0x00007ffb944aa000 	C:\WINDOWS\system32\bcryptPrimitives.dll
0x00007ffb962f0000 - 0x00007ffb9632b000 	C:\WINDOWS\system32\IMM32.DLL
0x0000000054550000 - 0x0000000054622000 	C:\Program Files\Java\jdk1.8.0_73\jre\bin\msvcr100.dll
0x0000000053cc0000 - 0x0000000054550000 	C:\Program Files\Java\jdk1.8.0_73\jre\bin\server\jvm.dll
0x00007ffb95b60000 - 0x00007ffb95b68000 	C:\WINDOWS\system32\PSAPI.DLL
0x00007ffb81d90000 - 0x00007ffb81d99000 	C:\WINDOWS\SYSTEM32\WSOCK32.dll
0x00007ffb92750000 - 0x00007ffb92773000 	C:\WINDOWS\SYSTEM32\WINMM.dll
0x00007ffb90f80000 - 0x00007ffb90f8a000 	C:\WINDOWS\SYSTEM32\VERSION.dll
0x00007ffb95ca0000 - 0x00007ffb95d0b000 	C:\WINDOWS\system32\WS2_32.dll
0x00007ffb926d0000 - 0x00007ffb926fc000 	C:\WINDOWS\SYSTEM32\WINMMBASE.dll
0x00007ffb945a0000 - 0x00007ffb945e3000 	C:\WINDOWS\system32\cfgmgr32.dll
0x0000000053cb0000 - 0x0000000053cbf000 	C:\Program Files\Java\jdk1.8.0_73\jre\bin\verify.dll
0x0000000053c80000 - 0x0000000053ca9000 	C:\Program Files\Java\jdk1.8.0_73\jre\bin\java.dll
0x0000000053bc0000 - 0x0000000053bf5000 	C:\Program Files\Java\jdk1.8.0_73\jre\bin\jdwp.dll
0x0000000053bb0000 - 0x0000000053bb8000 	C:\Program Files\Java\jdk1.8.0_73\jre\bin\npt.dll
0x0000000053c60000 - 0x0000000053c76000 	C:\Program Files\Java\jdk1.8.0_73\jre\bin\zip.dll
0x00007ffb96450000 - 0x00007ffb979ac000 	C:\WINDOWS\system32\SHELL32.dll
0x00007ffb945f0000 - 0x00007ffb94c35000 	C:\WINDOWS\system32\windows.storage.dll
0x00007ffb95b00000 - 0x00007ffb95b52000 	C:\WINDOWS\system32\shlwapi.dll
0x00007ffb94410000 - 0x00007ffb9441f000 	C:\WINDOWS\system32\kernel.appcore.dll
0x00007ffb950b0000 - 0x00007ffb95165000 	C:\WINDOWS\system32\shcore.dll
0x00007ffb943b0000 - 0x00007ffb943fb000 	C:\WINDOWS\system32\powrprof.dll
0x00007ffb94390000 - 0x00007ffb943a4000 	C:\WINDOWS\system32\profapi.dll
0x0000000053ba0000 - 0x0000000053ba9000 	C:\Program Files\Java\jdk1.8.0_73\jre\bin\dt_socket.dll
0x00007ffb93c60000 - 0x00007ffb93cbc000 	C:\WINDOWS\system32\mswsock.dll
0x00007ffb668e0000 - 0x00007ffb66a6c000 	C:\WINDOWS\SYSTEM32\dbghelp.dll

VM Arguments:
jvm_args: -agentlib:jdwp=transport=dt_socket,address=127.0.0.1:59165,suspend=y,server=n -Dfile.encoding=UTF-8 
java_command: sprunth.dosfootball.Runner
java_class_path (initial): C:\Program Files\Java\jdk1.8.0_73\jre\lib\charsets.jar;C:\Program Files\Java\jdk1.8.0_73\jre\lib\deploy.jar;C:\Program Files\Java\jdk1.8.0_73\jre\lib\ext\access-bridge-64.jar;C:\Program Files\Java\jdk1.8.0_73\jre\lib\ext\cldrdata.jar;C:\Program Files\Java\jdk1.8.0_73\jre\lib\ext\dnsns.jar;C:\Program Files\Java\jdk1.8.0_73\jre\lib\ext\jaccess.jar;C:\Program Files\Java\jdk1.8.0_73\jre\lib\ext\jfxrt.jar;C:\Program Files\Java\jdk1.8.0_73\jre\lib\ext\localedata.jar;C:\Program Files\Java\jdk1.8.0_73\jre\lib\ext\nashorn.jar;C:\Program Files\Java\jdk1.8.0_73\jre\lib\ext\sunec.jar;C:\Program Files\Java\jdk1.8.0_73\jre\lib\ext\sunjce_provider.jar;C:\Program Files\Java\jdk1.8.0_73\jre\lib\ext\sunmscapi.jar;C:\Program Files\Java\jdk1.8.0_73\jre\lib\ext\sunpkcs11.jar;C:\Program Files\Java\jdk1.8.0_73\jre\lib\ext\zipfs.jar;C:\Program Files\Java\jdk1.8.0_73\jre\lib\javaws.jar;C:\Program Files\Java\jdk1.8.0_73\jre\lib\jce.jar;C:\Program Files\Java\jdk1.8.0_73\jre\lib\jfr.jar;C:\Program Files\Java\jdk1.8.0_73\jre\lib\jfxswt.jar;C:\Program Files\Java\jdk1.8.0_73\jre\lib\jsse.jar;C:\Program Files\Java\jdk1.8.0_73\jre\lib\management-agent.jar;C:\Program Files\Java\jdk1.8.0_73\jre\lib\plugin.jar;C:\Program Files\Java\jdk1.8.0_73\jre\lib\resources.jar;C:\Program Files\Java\jdk1.8.0_73\jre\lib\rt.jar;C:\Users\Amos\Desktop\personal code bank\FootballDegreesofSeparation\server\target\classes;C:\Users\Amos\.m2\repository\com\sparkjava\spark-core\2.3\spark-core-2.3.jar;C:\Users\Amos\.m2\repository\org\slf4j\slf4j-api\1.7.12\slf4j-api-1.7.12.jar;C:\Users\Amos\.m2\repository\org\slf4j\slf4j-simple\1.7.12\slf4j-simple-1.7.12.jar;C:\Users\Amos\.m2\repository\org\eclipse\jetty\jetty-server\9.3.2.v20150730\jetty-server-9.3.2.v20150730.jar;C:\Users\Amos\.m2\repository\javax\servlet\javax.servlet-api\3.1.0\javax.servlet-api-3.1.0.jar;C:\Users\Amos\.m2\repository\org\eclipse\jetty\jetty-http\9.3.2.v20150730\jetty-http-9.3.2.v20150730.jar;C:\Users\Amos\.m2\repository\org\ec
Launcher Type: SUN_STANDARD

Environment Variables:
PATH=C:\ProgramData\Oracle\Java\javapath;C:\Program Files (x86)\NVIDIA Corporation\PhysX\Common;C:\WINDOWS\system32;C:\WINDOWS;C:\WINDOWS\System32\Wbem;C:\WINDOWS\System32\WindowsPowerShell\v1.0\;C:\WINDOWS\system32\config\systemprofile\.dnx\bin;C:\Program Files\Microsoft DNX\Dnvm\;C:\Anaconda3;C:\Anaconda3\Scripts;C:\Anaconda3\Library\bin;C:\Program Files (x86)\Skype\Phone\;C:\Program Files (x86)\Windows Kits\8.1\Windows Performance Toolkit\;C:\Program Files (x86)\GtkSharp\2.12\bin;C:\Program Files\Microsoft SQL Server\130\Tools\Binn\;C:\Users\Amos\AppData\Local\Programs\Python\Python35-32\Scripts\;C:\Users\Amos\AppData\Local\Programs\Python\Python35-32\
USERNAME=Amos
OS=Windows_NT
PROCESSOR_IDENTIFIER=Intel64 Family 6 Model 58 Stepping 9, GenuineIntel



---------------  S Y S T E M  ---------------

OS: Windows 10.0 , 64 bit Build 10586 (10.0.10586.0)

CPU:total 8 (4 cores per cpu, 2 threads per core) family 6 model 58 stepping 9, cmov, cx8, fxsr, mmx, sse, sse2, sse3, ssse3, sse4.1, sse4.2, popcnt, avx, aes, clmul, erms, ht, tsc, tscinvbit, tscinv

Memory: 4k page, physical 8334620k(2114260k free), swap 18730868k(3339916k free)

vm_info: Java HotSpot(TM) 64-Bit Server VM (25.73-b02) for windows-amd64 JRE (1.8.0_73-b02), built on Jan 29 2016 17:38:49 by "java_re" with MS VC++ 10.0 (VS2010)

time: Wed Jul 27 17:36:27 2016
elapsed time: 2310 seconds (0d 0h 38m 30s)

